{"F:\\GHub\\proj 4\\hello-prisma\\API\\Datetime.ts": {"path":"F:\\GHub\\proj 4\\hello-prisma\\API\\Datetime.ts","all":false,"statementMap":{"0":{"start":{"line":1,"column":0},"end":{"line":1,"column":0}},"1":{"start":{"line":2,"column":0},"end":{"line":2,"column":44}},"2":{"start":{"line":3,"column":0},"end":{"line":3,"column":16}},"3":{"start":{"line":4,"column":0},"end":{"line":4,"column":22}},"4":{"start":{"line":5,"column":0},"end":{"line":5,"column":26}},"5":{"start":{"line":6,"column":0},"end":{"line":6,"column":54}},"6":{"start":{"line":7,"column":0},"end":{"line":7,"column":103}},"7":{"start":{"line":8,"column":0},"end":{"line":8,"column":1}},"8":{"start":{"line":9,"column":0},"end":{"line":9,"column":2}},"9":{"start":{"line":10,"column":0},"end":{"line":10,"column":55}},"10":{"start":{"line":11,"column":0},"end":{"line":11,"column":16}},"11":{"start":{"line":12,"column":0},"end":{"line":12,"column":22}},"12":{"start":{"line":13,"column":0},"end":{"line":13,"column":26}},"13":{"start":{"line":14,"column":0},"end":{"line":14,"column":54}},"14":{"start":{"line":15,"column":0},"end":{"line":15,"column":54}},"15":{"start":{"line":16,"column":0},"end":{"line":16,"column":1}},"16":{"start":{"line":17,"column":0},"end":{"line":17,"column":0}},"17":{"start":{"line":18,"column":0},"end":{"line":18,"column":41}},"18":{"start":{"line":19,"column":0},"end":{"line":19,"column":32}},"19":{"start":{"line":20,"column":0},"end":{"line":20,"column":101}},"20":{"start":{"line":21,"column":0},"end":{"line":21,"column":23}},"21":{"start":{"line":22,"column":0},"end":{"line":22,"column":26}},"22":{"start":{"line":23,"column":0},"end":{"line":23,"column":41}},"23":{"start":{"line":24,"column":0},"end":{"line":24,"column":16}},"24":{"start":{"line":25,"column":0},"end":{"line":25,"column":91}},"25":{"start":{"line":26,"column":0},"end":{"line":26,"column":22}},"26":{"start":{"line":27,"column":0},"end":{"line":27,"column":25}},"27":{"start":{"line":28,"column":0},"end":{"line":28,"column":44}},"28":{"start":{"line":29,"column":0},"end":{"line":29,"column":50}},"29":{"start":{"line":30,"column":0},"end":{"line":30,"column":39}},"30":{"start":{"line":31,"column":0},"end":{"line":31,"column":5}},"31":{"start":{"line":32,"column":0},"end":{"line":32,"column":56}},"32":{"start":{"line":33,"column":0},"end":{"line":33,"column":49}},"33":{"start":{"line":34,"column":0},"end":{"line":34,"column":5}},"34":{"start":{"line":35,"column":0},"end":{"line":35,"column":49}},"35":{"start":{"line":36,"column":0},"end":{"line":36,"column":27}},"36":{"start":{"line":37,"column":0},"end":{"line":37,"column":18}},"37":{"start":{"line":38,"column":0},"end":{"line":38,"column":1}},"38":{"start":{"line":39,"column":0},"end":{"line":39,"column":0}},"39":{"start":{"line":40,"column":0},"end":{"line":40,"column":90}},"40":{"start":{"line":41,"column":0},"end":{"line":41,"column":35}},"41":{"start":{"line":42,"column":0},"end":{"line":42,"column":70}},"42":{"start":{"line":43,"column":0},"end":{"line":43,"column":17}},"43":{"start":{"line":44,"column":0},"end":{"line":44,"column":5}},"44":{"start":{"line":45,"column":0},"end":{"line":45,"column":82}},"45":{"start":{"line":46,"column":0},"end":{"line":46,"column":25}},"46":{"start":{"line":47,"column":0},"end":{"line":47,"column":26}},"47":{"start":{"line":48,"column":0},"end":{"line":48,"column":42}},"48":{"start":{"line":49,"column":0},"end":{"line":49,"column":16}},"49":{"start":{"line":50,"column":0},"end":{"line":50,"column":2}},"50":{"start":{"line":51,"column":0},"end":{"line":51,"column":32}},"51":{"start":{"line":52,"column":0},"end":{"line":52,"column":35}},"52":{"start":{"line":53,"column":0},"end":{"line":53,"column":78}},"53":{"start":{"line":54,"column":0},"end":{"line":54,"column":7}},"54":{"start":{"line":55,"column":0},"end":{"line":55,"column":8}},"55":{"start":{"line":56,"column":0},"end":{"line":56,"column":18}},"56":{"start":{"line":57,"column":0},"end":{"line":57,"column":3}},"57":{"start":{"line":58,"column":0},"end":{"line":58,"column":0}},"58":{"start":{"line":59,"column":0},"end":{"line":59,"column":75}}},"s":{"0":1,"1":12,"2":12,"3":12,"4":12,"5":12,"6":12,"7":12,"8":1,"9":0,"10":0,"11":0,"12":0,"13":0,"14":0,"15":0,"16":1,"17":0,"18":0,"19":0,"20":0,"21":0,"22":0,"23":0,"24":0,"25":0,"26":0,"27":0,"28":0,"29":0,"30":0,"31":0,"32":0,"33":0,"34":0,"35":0,"36":0,"37":0,"38":1,"39":7,"40":7,"41":7,"42":3,"43":3,"44":4,"45":4,"46":4,"47":4,"48":4,"49":4,"50":7,"51":13,"52":13,"53":13,"54":4,"55":4,"56":4,"57":1,"58":1},"branchMap":{"0":{"type":"branch","line":2,"loc":{"start":{"line":2,"column":0},"end":{"line":8,"column":1}},"locations":[{"start":{"line":2,"column":0},"end":{"line":8,"column":1}}]},"1":{"type":"branch","line":40,"loc":{"start":{"line":40,"column":0},"end":{"line":57,"column":3}},"locations":[{"start":{"line":40,"column":0},"end":{"line":57,"column":3}}]},"2":{"type":"branch","line":42,"loc":{"start":{"line":42,"column":69},"end":{"line":44,"column":5}},"locations":[{"start":{"line":42,"column":69},"end":{"line":44,"column":5}}]},"3":{"type":"branch","line":44,"loc":{"start":{"line":44,"column":4},"end":{"line":51,"column":31}},"locations":[{"start":{"line":44,"column":4},"end":{"line":51,"column":31}}]},"4":{"type":"branch","line":51,"loc":{"start":{"line":51,"column":31},"end":{"line":54,"column":7}},"locations":[{"start":{"line":51,"column":31},"end":{"line":54,"column":7}}]},"5":{"type":"branch","line":53,"loc":{"start":{"line":53,"column":33},"end":{"line":53,"column":78}},"locations":[{"start":{"line":53,"column":33},"end":{"line":53,"column":78}}]},"6":{"type":"branch","line":54,"loc":{"start":{"line":54,"column":6},"end":{"line":57,"column":3}},"locations":[{"start":{"line":54,"column":6},"end":{"line":57,"column":3}}]}},"b":{"0":[12],"1":[7],"2":[3],"3":[4],"4":[13],"5":[12],"6":[4]},"fnMap":{"0":{"name":"toLocaleISO","decl":{"start":{"line":2,"column":0},"end":{"line":8,"column":1}},"loc":{"start":{"line":2,"column":0},"end":{"line":8,"column":1}},"line":2},"1":{"name":"toLocaleQueryDate","decl":{"start":{"line":10,"column":0},"end":{"line":16,"column":1}},"loc":{"start":{"line":10,"column":0},"end":{"line":16,"column":1}},"line":10},"2":{"name":"getDailyScheduler","decl":{"start":{"line":18,"column":0},"end":{"line":38,"column":1}},"loc":{"start":{"line":18,"column":0},"end":{"line":38,"column":1}},"line":18},"3":{"name":"miniScheduler","decl":{"start":{"line":40,"column":0},"end":{"line":57,"column":3}},"loc":{"start":{"line":40,"column":0},"end":{"line":57,"column":3}},"line":40}},"f":{"0":12,"1":0,"2":0,"3":7}}
}
