TN:
SF:API\Datetime.ts
FN:2,toLocaleISO
FN:10,toLocaleQueryDate
FN:18,getDailyScheduler
FN:40,miniScheduler
FNF:4
FNH:2
FNDA:12,toLocaleISO
FNDA:0,toLocaleQueryDate
FNDA:0,getDailyScheduler
FNDA:7,miniScheduler
DA:1,1
DA:2,12
DA:3,12
DA:4,12
DA:5,12
DA:6,12
DA:7,12
DA:8,12
DA:9,1
DA:10,0
DA:11,0
DA:12,0
DA:13,0
DA:14,0
DA:15,0
DA:16,0
DA:17,1
DA:18,0
DA:19,0
DA:20,0
DA:21,0
DA:22,0
DA:23,0
DA:24,0
DA:25,0
DA:26,0
DA:27,0
DA:28,0
DA:29,0
DA:30,0
DA:31,0
DA:32,0
DA:33,0
DA:34,0
DA:35,0
DA:36,0
DA:37,0
DA:38,0
DA:39,1
DA:40,7
DA:41,7
DA:42,7
DA:43,3
DA:44,3
DA:45,4
DA:46,4
DA:47,4
DA:48,4
DA:49,4
DA:50,4
DA:51,7
DA:52,13
DA:53,13
DA:54,13
DA:55,4
DA:56,4
DA:57,4
DA:58,1
DA:59,1
LF:59
LH:31
BRDA:2,0,0,12
BRDA:40,1,0,7
BRDA:42,2,0,3
BRDA:44,3,0,4
BRDA:51,4,0,13
BRDA:53,5,0,12
BRDA:54,6,0,4
BRF:7
BRH:7
end_of_record
